{"level":"info","ts":1685355942.2389715,"caller":"repo/repo.go:62","msg":"[repo] key config:app_home_cat is empty"}
{"level":"info","ts":1685356289.047227,"caller":"repo/repo.go:62","msg":"[repo] key config:app_home_cat is empty"}
{"level":"info","ts":1685436831.758504,"caller":"repo/repo.go:62","msg":"[repo] key config:app_home_cat is empty"}
{"level":"info","ts":1685436831.7626731,"caller":"repo/repo.go:62","msg":"[repo] key app_page:1_0 is empty"}
{"level":"info","ts":1685436923.0945826,"caller":"repo/repo.go:62","msg":"[repo] key config:app_home_cat is empty"}
{"level":"info","ts":1685436923.0951078,"caller":"repo/repo.go:62","msg":"[repo] key app_page:1_0 is empty"}
{"level":"info","ts":1685436978.9996529,"caller":"repo/repo.go:62","msg":"[repo] key config:app_home_cat is empty"}
{"level":"info","ts":1685436979.000683,"caller":"repo/repo.go:62","msg":"[repo] key app_page:1_0 is empty"}
{"level":"info","ts":1685436991.285885,"caller":"repo/repo.go:62","msg":"[repo] key config:app_home_cat is empty"}
{"level":"info","ts":1685436991.285885,"caller":"repo/repo.go:62","msg":"[repo] key app_page:1_0 is empty"}
{"level":"info","ts":1685438505.8632283,"caller":"repo/repo.go:62","msg":"[repo] key config:app_home_cat is empty"}
{"level":"info","ts":1685438505.8637335,"caller":"repo/repo.go:62","msg":"[repo] key app_page:1_0 is empty"}
{"level":"info","ts":1685440563.550001,"caller":"repo/repo.go:62","msg":"[repo] key config:app_home_cat is empty"}
{"level":"info","ts":1685440563.5510464,"caller":"repo/repo.go:62","msg":"[repo] key app_page:1_0 is empty"}
{"level":"info","ts":1685441150.0630813,"caller":"repo/repo.go:62","msg":"[repo] key config:app_home_cat is empty"}
{"level":"info","ts":1685441150.0630813,"caller":"repo/repo.go:62","msg":"[repo] key app_page:1_0 is empty"}
{"level":"info","ts":1685441181.5343814,"caller":"repo/repo.go:62","msg":"[repo] key config:app_home_cat is empty"}
{"level":"info","ts":1685441181.5349221,"caller":"repo/repo.go:62","msg":"[repo] key app_page:1_0 is empty"}
{"level":"info","ts":1685441320.4815354,"caller":"repo/repo.go:62","msg":"[repo] key config:app_home_cat is empty"}
{"level":"info","ts":1685441320.482075,"caller":"repo/repo.go:62","msg":"[repo] key app_page:1_0 is empty"}
{"level":"info","ts":1685500444.4623299,"caller":"repo/repo.go:62","msg":"[repo] key config:app_home_cat is empty"}
{"level":"info","ts":1685500444.4623299,"caller":"repo/repo.go:62","msg":"[repo] key app_page:1_0 is empty"}
{"level":"info","ts":1685501178.6797373,"caller":"repo/repo.go:62","msg":"[repo] key config:app_home_cat is empty"}
{"level":"info","ts":1685501178.6802619,"caller":"repo/repo.go:62","msg":"[repo] key app_page:1_0 is empty"}
{"level":"info","ts":1685501511.531776,"caller":"repo/repo.go:62","msg":"[repo] key config:app_home_cat is empty"}
{"level":"info","ts":1685501511.5323033,"caller":"repo/repo.go:62","msg":"[repo] key app_page:1_0 is empty"}
{"level":"info","ts":1685501512.415068,"caller":"repo/repo.go:62","msg":"[repo] key config:app_home_cat is empty"}
{"level":"info","ts":1685501512.4150865,"caller":"repo/repo.go:62","msg":"[repo] key app_page:1_0 is empty"}
{"level":"info","ts":1685501520.0671866,"caller":"repo/repo.go:62","msg":"[repo] key config:app_home_cat is empty"}
{"level":"info","ts":1685501520.0671926,"caller":"repo/repo.go:62","msg":"[repo] key app_page:1_0 is empty"}
{"level":"info","ts":1685501614.1148522,"caller":"repo/repo.go:62","msg":"[repo] key config:app_home_cat is empty"}
{"level":"info","ts":1685501614.1153827,"caller":"repo/repo.go:62","msg":"[repo] key app_page:1_0 is empty"}
{"level":"info","ts":1685501797.878045,"caller":"repo/repo.go:62","msg":"[repo] key config:app_home_cat is empty"}
{"level":"info","ts":1685501797.8790822,"caller":"repo/repo.go:62","msg":"[repo] key app_page:1_0 is empty"}
{"level":"info","ts":1685501799.007484,"caller":"repo/repo.go:62","msg":"[repo] key config:app_home_cat is empty"}
{"level":"info","ts":1685501799.007484,"caller":"repo/repo.go:62","msg":"[repo] key app_page:1_0 is empty"}
{"level":"info","ts":1685501799.8902335,"caller":"repo/repo.go:62","msg":"[repo] key config:app_home_cat is empty"}
{"level":"info","ts":1685501799.8907769,"caller":"repo/repo.go:62","msg":"[repo] key app_page:1_0 is empty"}
{"level":"info","ts":1685501800.6529856,"caller":"repo/repo.go:62","msg":"[repo] key config:app_home_cat is empty"}
{"level":"info","ts":1685501800.6529856,"caller":"repo/repo.go:62","msg":"[repo] key app_page:1_0 is empty"}
{"level":"info","ts":1685501840.4830735,"caller":"repo/repo.go:62","msg":"[repo] key config:app_home_cat is empty"}
{"level":"info","ts":1685501840.4841013,"caller":"repo/repo.go:62","msg":"[repo] key app_page:1_0 is empty"}
{"level":"info","ts":1685501922.5981376,"caller":"repo/repo.go:62","msg":"[repo] key config:app_home_cat is empty"}
{"level":"info","ts":1685501922.5981376,"caller":"repo/repo.go:62","msg":"[repo] key app_page:1_0 is empty"}
{"level":"info","ts":1685502069.1611292,"caller":"repo/repo.go:62","msg":"[repo] key config:app_home_cat is empty"}
{"level":"info","ts":1685502069.1616526,"caller":"repo/repo.go:62","msg":"[repo] key app_page:1_0 is empty"}
{"level":"info","ts":1685502410.098389,"caller":"repo/repo.go:62","msg":"[repo] key config:app_home_cat is empty"}
{"level":"info","ts":1685502410.0989516,"caller":"repo/repo.go:62","msg":"[repo] key app_page:1_0 is empty"}
{"level":"info","ts":1685502442.5844579,"caller":"repo/repo.go:62","msg":"[repo] key config:app_home_cat is empty"}
{"level":"info","ts":1685502442.5844579,"caller":"repo/repo.go:62","msg":"[repo] key app_page:1_0 is empty"}
{"level":"info","ts":1685502686.3610053,"caller":"repo/repo.go:62","msg":"[repo] key config:app_home_cat is empty"}
{"level":"info","ts":1685502686.3615532,"caller":"repo/repo.go:62","msg":"[repo] key app_page:1_0 is empty"}
{"level":"info","ts":1685503976.209551,"caller":"repo/repo.go:62","msg":"[repo] key app_page:1_0 is empty"}
{"level":"info","ts":1685504006.237867,"caller":"repo/repo.go:62","msg":"[repo] key app_page:1_1 is empty"}
{"level":"info","ts":1685504161.7885742,"caller":"repo/repo.go:62","msg":"[repo] key app_page:2 is empty"}
{"level":"info","ts":1685504182.9285219,"caller":"repo/repo.go:62","msg":"[repo] key config:app_pay_list is empty"}
{"level":"info","ts":1685505245.3530657,"caller":"repo/repo.go:70","msg":"[repo] get from obj cache, key: coupon:1, kind:ptr"}
{"level":"info","ts":1685505674.570842,"caller":"repo/repo.go:70","msg":"[repo] get from obj cache, key: coupon:1, kind:ptr"}
{"level":"info","ts":1685505795.3885536,"caller":"repo/repo.go:70","msg":"[repo] get from obj cache, key: coupon:1, kind:ptr"}
{"level":"info","ts":1685506267.1812625,"caller":"repo/repo.go:70","msg":"[repo] get from obj cache, key: coupon:1, kind:ptr"}
{"level":"info","ts":1685508093.8802722,"caller":"repo/repo.go:70","msg":"[repo] get from obj cache, key: coupon:1, kind:ptr"}
{"level":"info","ts":1685511163.0606425,"caller":"repo/repo.go:70","msg":"[repo] get from obj cache, key: coupon:1, kind:ptr"}
{"level":"info","ts":1685511209.345269,"caller":"repo/repo.go:70","msg":"[repo] get from obj cache, key: coupon:1, kind:ptr"}
{"level":"info","ts":1685511322.033328,"caller":"repo/repo.go:70","msg":"[repo] get from obj cache, key: coupon:1, kind:ptr"}
{"level":"info","ts":1685511550.7558548,"caller":"repo/repo.go:70","msg":"[repo] get from obj cache, key: coupon:1, kind:ptr"}
{"level":"info","ts":1685512689.274272,"caller":"repo/repo.go:70","msg":"[repo] get from obj cache, key: coupon:1, kind:ptr"}
{"level":"info","ts":1685512709.6527486,"caller":"repo/repo.go:70","msg":"[repo] get from obj cache, key: coupon:1, kind:ptr"}
{"level":"info","ts":1685512859.5779438,"caller":"repo/repo.go:70","msg":"[repo] get from obj cache, key: coupon:1, kind:ptr"}
{"level":"info","ts":1685513099.338569,"caller":"repo/repo.go:70","msg":"[repo] get from obj cache, key: coupon:1, kind:ptr"}
{"level":"info","ts":1685513880.5224717,"caller":"repo/repo.go:70","msg":"[repo] get from obj cache, key: coupon:1, kind:ptr"}
{"level":"info","ts":1685514360.2472217,"caller":"repo/repo.go:70","msg":"[repo] get from obj cache, key: coupon:1, kind:ptr"}
